1646144940797	geckodriver	INFO	Listening on 127.0.0.1:42395
1646144941304	mozrunner::runner	INFO	Running command: "/usr/bin/firefox" "--marionette" "--remote-debugging-port" "52789" "-no-remote" "-profile" "/tmp/rust_mozprofiledfSKaY"
1646144942539	Marionette	INFO	Marionette enabled
console.warn: SearchSettings: "get: No settings file exists, new profile?" (new NotFoundError("Could not open the file at /tmp/rust_mozprofiledfSKaY/search.json.mozlz4", (void 0)))
DevTools listening on ws://localhost:52789/devtools/browser/c55d927f-a2b8-4219-ac74-ca997978cea3
1646144944640	Marionette	INFO	Listening on port 44235
1646144944731	RemoteAgent	WARN	TLS certificate errors will be ignored for this session
1646145485372	geckodriver	INFO	Listening on 127.0.0.1:48639
1646145485381	mozrunner::runner	INFO	Running command: "/usr/bin/firefox" "--marionette" "--remote-debugging-port" "43573" "-no-remote" "-profile" "/tmp/rust_mozprofiletZKy4L"
1646145486402	Marionette	INFO	Marionette enabled
console.warn: SearchSettings: "get: No settings file exists, new profile?" (new NotFoundError("Could not open the file at /tmp/rust_mozprofiletZKy4L/search.json.mozlz4", (void 0)))
DevTools listening on ws://localhost:43573/devtools/browser/4b8f5fa5-63e8-4ed5-94b6-9fd6a77ed6c8
1646145488529	Marionette	INFO	Listening on port 37487
1646145488607	RemoteAgent	WARN	TLS certificate errors will be ignored for this session
1646145663005	geckodriver	INFO	Listening on 127.0.0.1:57035
1646145663011	mozrunner::runner	INFO	Running command: "/usr/bin/firefox" "--marionette" "--remote-debugging-port" "47027" "-no-remote" "-profile" "/tmp/rust_mozprofilex0o1RS"
1646145664072	Marionette	INFO	Marionette enabled
console.warn: SearchSettings: "get: No settings file exists, new profile?" (new NotFoundError("Could not open the file at /tmp/rust_mozprofilex0o1RS/search.json.mozlz4", (void 0)))
DevTools listening on ws://localhost:47027/devtools/browser/c838fcaa-adfd-4d37-a8c6-30f4614076fd
1646145666287	Marionette	INFO	Listening on port 38547
1646145666354	RemoteAgent	WARN	TLS certificate errors will be ignored for this session
1646145679464	Marionette	INFO	Stopped listening on port 44235
console.warn: TopSitesFeed: Failed to fetch data from Contile server: NetworkError when attempting to fetch resource.

###!!! [Parent][PImageBridgeParent] Error: RunMessage(msgname=PImageBridge::Msg_WillClose) Channel closing: too late to send/recv, messages will be lost

1646145681767	Marionette	INFO	Stopped listening on port 38547
console.warn: TopSitesFeed: Failed to fetch data from Contile server: NetworkError when attempting to fetch resource.
1646145683074	Marionette	INFO	Stopped listening on port 37487
console.warn: TopSitesFeed: Failed to fetch data from Contile server: NetworkError when attempting to fetch resource.
1646145706724	geckodriver	INFO	Listening on 127.0.0.1:40941
1646145706733	mozrunner::runner	INFO	Running command: "/usr/bin/firefox" "--marionette" "--remote-debugging-port" "48989" "-no-remote" "-profile" "/tmp/rust_mozprofileBaCwm7"
1646145707814	Marionette	INFO	Marionette enabled
console.warn: SearchSettings: "get: No settings file exists, new profile?" (new NotFoundError("Could not open the file at /tmp/rust_mozprofileBaCwm7/search.json.mozlz4", (void 0)))
DevTools listening on ws://localhost:48989/devtools/browser/dbf9525c-a911-444b-8f4c-e933cd976890
1646145709854	Marionette	INFO	Listening on port 39427
1646145709959	RemoteAgent	WARN	TLS certificate errors will be ignored for this session
1646146044922	geckodriver	INFO	Listening on 127.0.0.1:59391
1646146044929	mozrunner::runner	INFO	Running command: "/usr/bin/firefox" "--marionette" "--remote-debugging-port" "53511" "-no-remote" "-profile" "/tmp/rust_mozprofile4y9Thq"
1646146045943	Marionette	INFO	Marionette enabled
console.warn: SearchSettings: "get: No settings file exists, new profile?" (new NotFoundError("Could not open the file at /tmp/rust_mozprofile4y9Thq/search.json.mozlz4", (void 0)))
DevTools listening on ws://localhost:53511/devtools/browser/f540da32-452c-46f9-b67d-ffd07feafbd5
1646146047823	Marionette	INFO	Listening on port 36671
1646146047872	RemoteAgent	WARN	TLS certificate errors will be ignored for this session
1646146050478	Marionette	INFO	Stopped listening on port 36671

###!!! [Parent][PContentParent] Error: Send(msgname=PContent::Reply_DiscardBrowsingContext) Closed channel: cannot send/recv


###!!! [Parent][PContentParent] Error: Send(msgname=PContent::Msg_DestroyBrowsingContextGroup) Closed channel: cannot send/recv

JavaScript error: resource://gre/modules/Sqlite.jsm, line 1105: Error: Sqlite.jsm has been shutdown. Cannot open connection to: /tmp/rust_mozprofile4y9Thq/protections.sqlite

###!!! [Parent][PImageBridgeParent] Error: RunMessage(msgname=PImageBridge::Msg_WillClose) Channel closing: too late to send/recv, messages will be lost

1646146826428	geckodriver	INFO	Listening on 127.0.0.1:34781
1646146826434	mozrunner::runner	INFO	Running command: "/usr/bin/firefox" "--marionette" "--remote-debugging-port" "47391" "-no-remote" "-profile" "/tmp/rust_mozprofilewsVb6B"
1646146827465	Marionette	INFO	Marionette enabled
console.warn: SearchSettings: "get: No settings file exists, new profile?" (new NotFoundError("Could not open the file at /tmp/rust_mozprofilewsVb6B/search.json.mozlz4", (void 0)))
DevTools listening on ws://localhost:47391/devtools/browser/be2fd049-bcb1-42ea-93be-5cc86d622272
1646146829312	Marionette	INFO	Listening on port 36141
1646146829369	RemoteAgent	WARN	TLS certificate errors will be ignored for this session
1646146834328	Marionette	INFO	Stopped listening on port 39427
console.warn: TopSitesFeed: Failed to fetch data from Contile server: NetworkError when attempting to fetch resource.
1646146836858	Marionette	INFO	Stopped listening on port 36141
console.warn: TopSitesFeed: Failed to fetch data from Contile server: NetworkError when attempting to fetch resource.
1646146884843	geckodriver	INFO	Listening on 127.0.0.1:43733
1646146884848	mozrunner::runner	INFO	Running command: "/usr/bin/firefox" "--marionette" "--remote-debugging-port" "51041" "-no-remote" "-profile" "/tmp/rust_mozprofileuKIlmE"
1646146885840	Marionette	INFO	Marionette enabled
console.warn: SearchSettings: "get: No settings file exists, new profile?" (new NotFoundError("Could not open the file at /tmp/rust_mozprofileuKIlmE/search.json.mozlz4", (void 0)))
DevTools listening on ws://localhost:51041/devtools/browser/0d83b475-c810-44f7-bfce-ff853abd2ceb
1646146887828	Marionette	INFO	Listening on port 44023
1646146887880	RemoteAgent	WARN	TLS certificate errors will be ignored for this session
1646146890628	Marionette	INFO	Stopped listening on port 44023

###!!! [Parent][PContentParent] Error: Send(msgname=PContent::Reply_DiscardBrowsingContext) Closed channel: cannot send/recv


###!!! [Child][PContentChild] Error: RunMessage(msgname=PContent::Msg_DiscardBrowsingContext) Channel closing: too late to send/recv, messages will be lost


###!!! [Child][PContentChild] Error: RunMessage(msgname=PContent::Reply_DiscardBrowsingContext) Channel closing: too late to send/recv, messages will be lost


###!!! [Child][PContentChild] Error: Send(msgname=PContent::Msg_ScriptError) Channel closing: too late to send/recv, messages will be lost


###!!! [Child][PContentChild] Error: RunMessage(msgname=PHttpChannel::Msg_DeleteSelf) Channel closing: too late to send/recv, messages will be lost


###!!! [Child][PContentChild] Error: Send(msgname=PContent::Msg_ScriptError) Channel closing: too late to send/recv, messages will be lost


###!!! [Child][PContentChild] Error: RunMessage(msgname=PHttpChannel::Msg_DeleteSelf) Channel closing: too late to send/recv, messages will be lost


###!!! [Child][PContentChild] Error: RunMessage(msgname=PHttpChannel::Msg_DeleteSelf) Channel closing: too late to send/recv, messages will be lost


###!!! [Parent][PContentParent] Error: Send(msgname=PContent::Msg_DestroyBrowsingContextGroup) Closed channel: cannot send/recv

JavaScript error: resource://gre/modules/Sqlite.jsm, line 1105: Error: Sqlite.jsm has been shutdown. Cannot open connection to: /tmp/rust_mozprofileuKIlmE/protections.sqlite
1646146946352	geckodriver	INFO	Listening on 127.0.0.1:47685
1646146946356	mozrunner::runner	INFO	Running command: "/usr/bin/firefox" "--marionette" "--remote-debugging-port" "52167" "-no-remote" "-profile" "/tmp/rust_mozprofilebhsXj3"
1646146947375	Marionette	INFO	Marionette enabled
console.warn: SearchSettings: "get: No settings file exists, new profile?" (new NotFoundError("Could not open the file at /tmp/rust_mozprofilebhsXj3/search.json.mozlz4", (void 0)))
DevTools listening on ws://localhost:52167/devtools/browser/b06203c6-b966-4295-8969-f72fb3b7b87e
1646146949185	Marionette	INFO	Listening on port 39423
1646146949719	RemoteAgent	WARN	TLS certificate errors will be ignored for this session
1646146953412	Marionette	INFO	Stopped listening on port 39423

###!!! [Parent][PImageBridgeParent] Error: RunMessage(msgname=PImageBridge::Msg_WillClose) Channel closing: too late to send/recv, messages will be lost

1646146978985	geckodriver	INFO	Listening on 127.0.0.1:40861
1646146978991	mozrunner::runner	INFO	Running command: "/usr/bin/firefox" "--marionette" "--remote-debugging-port" "45587" "-no-remote" "-profile" "/tmp/rust_mozprofile3YBFCh"
1646146980036	Marionette	INFO	Marionette enabled
console.warn: SearchSettings: "get: No settings file exists, new profile?" (new NotFoundError("Could not open the file at /tmp/rust_mozprofile3YBFCh/search.json.mozlz4", (void 0)))
DevTools listening on ws://localhost:45587/devtools/browser/81058cd3-9b44-4838-80ab-ac85b9fc294d
1646146982122	Marionette	INFO	Listening on port 33843
1646146982228	RemoteAgent	WARN	TLS certificate errors will be ignored for this session
1646146989599	Marionette	INFO	Stopped listening on port 33843
1646147066450	geckodriver	INFO	Listening on 127.0.0.1:52147
1646147066457	mozrunner::runner	INFO	Running command: "/usr/bin/firefox" "--marionette" "--remote-debugging-port" "48519" "-no-remote" "-profile" "/tmp/rust_mozprofilehuaa6m"
1646147067548	Marionette	INFO	Marionette enabled
console.warn: SearchSettings: "get: No settings file exists, new profile?" (new NotFoundError("Could not open the file at /tmp/rust_mozprofilehuaa6m/search.json.mozlz4", (void 0)))
DevTools listening on ws://localhost:48519/devtools/browser/fdbb009a-b12e-442e-bf41-f9b0a1d50c92
1646147069524	Marionette	INFO	Listening on port 45195
1646147069601	RemoteAgent	WARN	TLS certificate errors will be ignored for this session
1646147331249	geckodriver	INFO	Listening on 127.0.0.1:52167
1646147331254	mozrunner::runner	INFO	Running command: "/usr/bin/firefox" "--marionette" "--remote-debugging-port" "41553" "-no-remote" "-profile" "/tmp/rust_mozprofile2dCE0t"
1646147332269	Marionette	INFO	Marionette enabled
console.warn: SearchSettings: "get: No settings file exists, new profile?" (new NotFoundError("Could not open the file at /tmp/rust_mozprofile2dCE0t/search.json.mozlz4", (void 0)))
DevTools listening on ws://localhost:41553/devtools/browser/db0f7c10-63f6-4aa5-a710-ef891595d9be
1646147334122	Marionette	INFO	Listening on port 32989
1646147334180	RemoteAgent	WARN	TLS certificate errors will be ignored for this session
1646147355049	geckodriver	INFO	Listening on 127.0.0.1:40187
1646147355055	mozrunner::runner	INFO	Running command: "/usr/bin/firefox" "--marionette" "--remote-debugging-port" "57261" "-no-remote" "-profile" "/tmp/rust_mozprofileAC4dwh"
1646147356082	Marionette	INFO	Marionette enabled
console.warn: SearchSettings: "get: No settings file exists, new profile?" (new NotFoundError("Could not open the file at /tmp/rust_mozprofileAC4dwh/search.json.mozlz4", (void 0)))
DevTools listening on ws://localhost:57261/devtools/browser/4ac38162-a662-42fe-8b58-6ed002edbc42
1646147358411	Marionette	INFO	Listening on port 46175
1646147358484	RemoteAgent	WARN	TLS certificate errors will be ignored for this session
1646147487579	geckodriver	INFO	Listening on 127.0.0.1:43267
1646147487583	mozrunner::runner	INFO	Running command: "/usr/bin/firefox" "--marionette" "--remote-debugging-port" "44685" "-no-remote" "-profile" "/tmp/rust_mozprofileGUREq8"
1646147488695	Marionette	INFO	Marionette enabled
console.warn: SearchSettings: "get: No settings file exists, new profile?" (new NotFoundError("Could not open the file at /tmp/rust_mozprofileGUREq8/search.json.mozlz4", (void 0)))
DevTools listening on ws://localhost:44685/devtools/browser/1f23a168-2c5e-4b19-abcf-03ede58921de
1646147490876	Marionette	INFO	Listening on port 33469
1646147490921	RemoteAgent	WARN	TLS certificate errors will be ignored for this session
1646147518802	Marionette	INFO	Stopped listening on port 32989

###!!! [Child][PContentChild] Error: Send(msgname=PHttpChannel::Msg_DeletingChannel) Channel closing: too late to send/recv, messages will be lost

console.warn: TopSitesFeed: Failed to fetch data from Contile server: NetworkError when attempting to fetch resource.
1646147520781	Marionette	INFO	Stopped listening on port 46175

###!!! [Child][PContentChild] Error: Send(msgname=PHttpChannel::Msg_DeletingChannel) Channel closing: too late to send/recv, messages will be lost

console.warn: TopSitesFeed: Failed to fetch data from Contile server: NetworkError when attempting to fetch resource.
1646147523464	Marionette	INFO	Stopped listening on port 45195

###!!! [Child][PContentChild] Error: Send(msgname=PHttpChannel::Msg_DeletingChannel) Channel closing: too late to send/recv, messages will be lost

console.warn: TopSitesFeed: Failed to fetch data from Contile server: NetworkError when attempting to fetch resource.

###!!! [Parent][PImageBridgeParent] Error: RunMessage(msgname=PImageBridge::Msg_WillClose) Channel closing: too late to send/recv, messages will be lost

1646147533662	Marionette	INFO	Stopped listening on port 33469
console.warn: TopSitesFeed: Failed to fetch data from Contile server: NetworkError when attempting to fetch resource.
1646147547823	geckodriver	INFO	Listening on 127.0.0.1:60397
1646147547829	mozrunner::runner	INFO	Running command: "/usr/bin/firefox" "--marionette" "--remote-debugging-port" "44333" "-no-remote" "-profile" "/tmp/rust_mozprofileT1mdBA"
1646147548831	Marionette	INFO	Marionette enabled
console.warn: SearchSettings: "get: No settings file exists, new profile?" (new NotFoundError("Could not open the file at /tmp/rust_mozprofileT1mdBA/search.json.mozlz4", (void 0)))
DevTools listening on ws://localhost:44333/devtools/browser/9207b9e0-3dd4-47d5-930a-2f3d83807c54
1646147550772	Marionette	INFO	Listening on port 40105
1646147550864	RemoteAgent	WARN	TLS certificate errors will be ignored for this session
1646147559587	Marionette	INFO	Stopped listening on port 40105

###!!! [Parent][PImageBridgeParent] Error: RunMessage(msgname=PImageBridge::Msg_WillClose) Channel closing: too late to send/recv, messages will be lost

1646147652065	geckodriver	INFO	Listening on 127.0.0.1:59603
1646147652071	mozrunner::runner	INFO	Running command: "/usr/bin/firefox" "--marionette" "--remote-debugging-port" "39303" "-no-remote" "-profile" "/tmp/rust_mozprofileRv6IeU"
1646147653095	Marionette	INFO	Marionette enabled
console.warn: SearchSettings: "get: No settings file exists, new profile?" (new NotFoundError("Could not open the file at /tmp/rust_mozprofileRv6IeU/search.json.mozlz4", (void 0)))
DevTools listening on ws://localhost:39303/devtools/browser/2d0136b2-b73b-4e6d-a1c7-5ea0edf421a6
1646147654920	Marionette	INFO	Listening on port 35503
1646147655006	RemoteAgent	WARN	TLS certificate errors will be ignored for this session
1646147661310	Marionette	INFO	Stopped listening on port 35503
1646147935149	geckodriver	INFO	Listening on 127.0.0.1:55477
1646147935155	mozrunner::runner	INFO	Running command: "/usr/bin/firefox" "--marionette" "--remote-debugging-port" "49755" "-no-remote" "-profile" "/tmp/rust_mozprofilemTvNFv"
1646147936329	Marionette	INFO	Marionette enabled
console.warn: SearchSettings: "get: No settings file exists, new profile?" (new NotFoundError("Could not open the file at /tmp/rust_mozprofilemTvNFv/search.json.mozlz4", (void 0)))
DevTools listening on ws://localhost:49755/devtools/browser/5ab529d2-8ba7-40d4-977c-dcd2fa37570b
1646147938224	Marionette	INFO	Listening on port 36621
1646147938291	RemoteAgent	WARN	TLS certificate errors will be ignored for this session
1646147946774	Marionette	INFO	Stopped listening on port 36621
1646148346745	geckodriver	INFO	Listening on 127.0.0.1:46047
1646148346750	mozrunner::runner	INFO	Running command: "/usr/bin/firefox" "--marionette" "--remote-debugging-port" "48285" "-no-remote" "-profile" "/tmp/rust_mozprofilebyDlE4"
1646148347796	Marionette	INFO	Marionette enabled
console.warn: SearchSettings: "get: No settings file exists, new profile?" (new NotFoundError("Could not open the file at /tmp/rust_mozprofilebyDlE4/search.json.mozlz4", (void 0)))
DevTools listening on ws://localhost:48285/devtools/browser/fd8208a0-cdb3-452d-ba76-e281d64b1ba8
1646148349825	Marionette	INFO	Listening on port 35035
1646148349888	RemoteAgent	WARN	TLS certificate errors will be ignored for this session
1646148354564	Marionette	INFO	Stopped listening on port 35035
console.warn: TopSitesFeed: Failed to fetch data from Contile server: NetworkError when attempting to fetch resource.

###!!! [Parent][PImageBridgeParent] Error: RunMessage(msgname=PImageBridge::Msg_WillClose) Channel closing: too late to send/recv, messages will be lost

1646148582275	geckodriver	INFO	Listening on 127.0.0.1:33543
1646148582282	mozrunner::runner	INFO	Running command: "/usr/bin/firefox" "--marionette" "--remote-debugging-port" "46677" "-no-remote" "-profile" "/tmp/rust_mozprofileQjIETk"
1646148583315	Marionette	INFO	Marionette enabled
console.warn: SearchSettings: "get: No settings file exists, new profile?" (new NotFoundError("Could not open the file at /tmp/rust_mozprofileQjIETk/search.json.mozlz4", (void 0)))
DevTools listening on ws://localhost:46677/devtools/browser/7bd1ca57-300e-461d-831a-49b61673a19e
1646148585224	Marionette	INFO	Listening on port 35801
1646148585306	RemoteAgent	WARN	TLS certificate errors will be ignored for this session
1646148589281	Marionette	INFO	Stopped listening on port 35801
JavaScript error: resource://gre/modules/AsyncShutdown.jsm, line 718: Error: Phase "Sqlite.jsm: wait until all connections are closed" is finished, it is too late to register completion condition "protections.sqlite#0: waiting for shutdown"
